<?xml version="1.0" encoding="UTF-8"?>
<!-- Generated by org.testng.reporters.JUnitReportReporter -->
<testsuite skipped="0" hostname="0753-0883" name="com.GCodes.TestCases.TC_GCodesLogin_001" tests="1" failures="0" timestamp="2022-03-09T15:16:07 IST" time="20.583" errors="0">
  <testcase name="TC_GCodes_Login_001" time="20.583" classname="com.GCodes.TestCases.TC_GCodesLogin_001"/>
  <system-out/>
</testsuite> <!-- com.GCodes.TestCases.TC_GCodesLogin_001 -->
