<?xml version="1.0" encoding="UTF-8"?>
<!-- Generated by org.testng.reporters.JUnitReportReporter -->
<testsuite skipped="0" hostname="0753-0883" name="com.GCodes.TestCases.TC_Wallet_003" tests="2" failures="0" timestamp="2022-03-09T15:16:07 IST" time="48.927" errors="0">
  <testcase name="TC_Invalid_Wallet_003" time="36.135" classname="com.GCodes.TestCases.TC_Wallet_003"/>
  <system-out/>
  <testcase name="TC_Invalid_Wallet_005" time="12.792" classname="com.GCodes.TestCases.TC_Wallet_003"/>
  <system-out/>
</testsuite> <!-- com.GCodes.TestCases.TC_Wallet_003 -->
