<?xml version="1.0" encoding="UTF-8"?>
<!-- Generated by org.testng.reporters.JUnitReportReporter -->
<testsuite hostname="0753-0883" failures="0" tests="1" name="EvergrowScripts.TC_EvergrowLogin_001" time="9.021" errors="0" timestamp="2021-10-08T16:59:15 IST" skipped="0">
  <testcase classname="EvergrowScripts.TC_EvergrowLogin_001" name="TC_EvergrowLogin_001" time="9.021"/>
  <system-out/>
</testsuite> <!-- EvergrowScripts.TC_EvergrowLogin_001 -->
