<?xml version="1.0" encoding="UTF-8"?>
<!-- Generated by org.testng.reporters.JUnitReportReporter -->
<testsuite skipped="0" hostname="0753-0883" name="com.GCodes.TestCases.TC_GCodesLogin_001$TC_EvergrowLogin_001" tests="1" failures="0" timestamp="2022-01-27T16:47:26 IST" time="9.750" errors="0">
  <testcase name="TC_EvergrowLogin_001" time="9.750" classname="com.GCodes.TestCases.TC_GCodesLogin_001$TC_EvergrowLogin_001"/>
  <system-out/>
</testsuite> <!-- com.GCodes.TestCases.TC_GCodesLogin_001$TC_EvergrowLogin_001 -->
