<?xml version="1.0" encoding="UTF-8"?>
<!-- Generated by org.testng.reporters.JUnitReportReporter -->
<testsuite skipped="0" hostname="0753-0883" name="com.GCodes.TestCases.TC_TestImporter_005" tests="1" failures="0" timestamp="2022-03-08T22:05:27 IST" time="18.460" errors="0">
  <testcase name="TC_Import_InvalidFile" time="18.460" classname="com.GCodes.TestCases.TC_TestImporter_005"/>
  <system-out/>
</testsuite> <!-- com.GCodes.TestCases.TC_TestImporter_005 -->
